<?xml version="1.0" encoding="UTF-8"?>
<testsuite name="kiosk.kioskpractice.KioskPracticeApplicationTests" tests="1" skipped="0" failures="0" errors="0" timestamp="2023-07-18T19:08:49" hostname="DESKTOP-MKEC3PS" time="0.752">
  <properties/>
  <testcase name="contextLoads()" classname="kiosk.kioskpractice.KioskPracticeApplicationTests" time="0.752"/>
  <system-out><![CDATA[04:08:48.139 [Test worker] INFO org.springframework.test.context.support.AnnotationConfigContextLoaderUtils -- Could not detect default configuration classes for test class [kiosk.kioskpractice.KioskPracticeApplicationTests]: KioskPracticeApplicationTests does not declare any static, non-private, non-final, nested classes annotated with @Configuration.
04:08:48.221 [Test worker] INFO org.springframework.boot.test.context.SpringBootTestContextBootstrapper -- Found @SpringBootConfiguration kiosk.kioskpractice.KioskPracticeApplication for test class kiosk.kioskpractice.KioskPracticeApplicationTests

  .   ____          _            __ _ _
 /\\ / ___'_ __ _ _(_)_ __  __ _ \ \ \ \
( ( )\___ | '_ | '_| | '_ \/ _` | \ \ \ \
 \\/  ___)| |_)| | | | | || (_| |  ) ) ) )
  '  |____| .__|_| |_|_| |_\__, | / / / /
 =========|_|==============|___/=/_/_/_/
 :: Spring Boot ::                (v3.1.1)

2023-07-19T04:08:48.549+09:00  INFO 28732 --- [    Test worker] k.k.KioskPracticeApplicationTests        : Starting KioskPracticeApplicationTests using Java 19.0.2 with PID 28732 (started by gimga in C:\Users\gimga\kioskprac\kiosk-practice)
2023-07-19T04:08:48.551+09:00  INFO 28732 --- [    Test worker] k.k.KioskPracticeApplicationTests        : No active profile set, falling back to 1 default profile: "default"
2023-07-19T04:08:49.582+09:00  INFO 28732 --- [    Test worker] k.k.KioskPracticeApplicationTests        : Started KioskPracticeApplicationTests in 1.225 seconds (process running for 2.255)
]]></system-out>
  <system-err><![CDATA[]]></system-err>
</testsuite>
